2022-05-06 07:12:49,077 DEBUG logging.InternalLoggerFactory [main] Using Log4J2 as the default logging framework
2022-05-06 07:12:49,082 DEBUG util.ResourceLeakDetector [main] -Dio.netty.leakDetection.level: simple
2022-05-06 07:12:49,082 DEBUG util.ResourceLeakDetector [main] -Dio.netty.leakDetection.targetRecords: 4
2022-05-06 07:12:49,084 DEBUG util.ResourceLeakDetectorFactory [main] Loaded default ResourceLeakDetector: io.netty.util.ResourceLeakDetector@5eefa415
2022-05-06 07:12:49,093 DEBUG internal.PlatformDependent0 [main] -Dio.netty.noUnsafe: false
2022-05-06 07:12:49,093 DEBUG internal.PlatformDependent0 [main] Java version: 17
2022-05-06 07:12:49,094 DEBUG internal.PlatformDependent0 [main] sun.misc.Unsafe.theUnsafe: available
2022-05-06 07:12:49,094 DEBUG internal.PlatformDependent0 [main] sun.misc.Unsafe.copyMemory: available
2022-05-06 07:12:49,095 DEBUG internal.PlatformDependent0 [main] java.nio.Buffer.address: available
2022-05-06 07:12:49,095 DEBUG internal.PlatformDependent0 [main] direct buffer constructor: unavailable
java.lang.UnsupportedOperationException: Reflective setAccessible(true) disabled
	at io.netty.util.internal.ReflectionUtil.trySetAccessible(ReflectionUtil.java:31) ~[netty-common-4.1.75.Final.jar:4.1.75.Final]
	at io.netty.util.internal.PlatformDependent0$4.run(PlatformDependent0.java:253) ~[netty-common-4.1.75.Final.jar:4.1.75.Final]
	at java.security.AccessController.doPrivileged(AccessController.java:318) ~[?:?]
	at io.netty.util.internal.PlatformDependent0.<clinit>(PlatformDependent0.java:247) ~[netty-common-4.1.75.Final.jar:4.1.75.Final]
	at io.netty.util.internal.PlatformDependent.isAndroid(PlatformDependent.java:294) ~[netty-common-4.1.75.Final.jar:4.1.75.Final]
	at io.netty.util.internal.PlatformDependent.<clinit>(PlatformDependent.java:88) ~[netty-common-4.1.75.Final.jar:4.1.75.Final]
	at io.netty.util.HashedWheelTimer.<init>(HashedWheelTimer.java:114) ~[netty-common-4.1.75.Final.jar:4.1.75.Final]
	at io.netty.util.HashedWheelTimer.<init>(HashedWheelTimer.java:251) ~[netty-common-4.1.75.Final.jar:4.1.75.Final]
	at io.netty.util.HashedWheelTimer.<init>(HashedWheelTimer.java:224) ~[netty-common-4.1.75.Final.jar:4.1.75.Final]
	at io.netty.util.HashedWheelTimer.<init>(HashedWheelTimer.java:203) ~[netty-common-4.1.75.Final.jar:4.1.75.Final]
	at org.asynchttpclient.DefaultAsyncHttpClient.newNettyTimer(DefaultAsyncHttpClient.java:111) ~[async-http-client-2.12.3.jar:?]
	at org.asynchttpclient.DefaultAsyncHttpClient.<init>(DefaultAsyncHttpClient.java:90) ~[async-http-client-2.12.3.jar:?]
	at org.asynchttpclient.Dsl.asyncHttpClient(Dsl.java:32) ~[async-http-client-2.12.3.jar:?]
	at org.openqa.selenium.remote.http.netty.NettyClient.createHttpClient(NettyClient.java:119) ~[selenium-remote-driver-4.1.3.jar:?]
	at org.openqa.selenium.remote.http.netty.NettyClient.<clinit>(NettyClient.java:52) ~[selenium-remote-driver-4.1.3.jar:?]
	at org.openqa.selenium.remote.http.netty.NettyClient$Factory.createClient(NettyClient.java:160) ~[selenium-remote-driver-4.1.3.jar:?]
	at org.openqa.selenium.remote.HttpCommandExecutor.<init>(HttpCommandExecutor.java:107) ~[selenium-remote-driver-4.1.3.jar:?]
	at org.openqa.selenium.remote.HttpCommandExecutor.<init>(HttpCommandExecutor.java:94) ~[selenium-remote-driver-4.1.3.jar:?]
	at org.openqa.selenium.remote.HttpCommandExecutor.<init>(HttpCommandExecutor.java:85) ~[selenium-remote-driver-4.1.3.jar:?]
	at org.openqa.selenium.remote.service.DriverCommandExecutor.<init>(DriverCommandExecutor.java:80) ~[selenium-remote-driver-4.1.3.jar:?]
	at org.openqa.selenium.chromium.ChromiumDriverCommandExecutor.<init>(ChromiumDriverCommandExecutor.java:35) ~[selenium-chromium-driver-4.1.3.jar:?]
	at org.openqa.selenium.chrome.ChromeDriver$ChromeDriverCommandExecutor.<init>(ChromeDriver.java:118) ~[selenium-chrome-driver-4.1.3.jar:?]
	at org.openqa.selenium.chrome.ChromeDriver.<init>(ChromeDriver.java:106) ~[selenium-chrome-driver-4.1.3.jar:?]
	at org.openqa.selenium.chrome.ChromeDriver.<init>(ChromeDriver.java:93) ~[selenium-chrome-driver-4.1.3.jar:?]
	at org.openqa.selenium.chrome.ChromeDriver.<init>(ChromeDriver.java:48) ~[selenium-chrome-driver-4.1.3.jar:?]
	at framework.Hardcore.driver.DriverSingleton.getDriver(DriverSingleton.java:24) ~[test-classes/:?]
	at framework.Hardcore.test.CommonConditions.setUp(CommonConditions.java:16) ~[test-classes/:?]
	at jdk.internal.reflect.NativeMethodAccessorImpl.invoke0(Native Method) ~[?:?]
	at jdk.internal.reflect.NativeMethodAccessorImpl.invoke(NativeMethodAccessorImpl.java:77) ~[?:?]
	at jdk.internal.reflect.DelegatingMethodAccessorImpl.invoke(DelegatingMethodAccessorImpl.java:43) ~[?:?]
	at java.lang.reflect.Method.invoke(Method.java:568) ~[?:?]
	at org.testng.internal.MethodInvocationHelper.invokeMethod(MethodInvocationHelper.java:131) ~[testng-7.0.0-beta1.jar:?]
	at org.testng.internal.MethodInvocationHelper.invokeMethodConsideringTimeout(MethodInvocationHelper.java:61) ~[testng-7.0.0-beta1.jar:?]
	at org.testng.internal.Invoker.invokeConfigurationMethod(Invoker.java:511) ~[testng-7.0.0-beta1.jar:?]
	at org.testng.internal.Invoker.invokeConfigurations(Invoker.java:241) ~[testng-7.0.0-beta1.jar:?]
	at org.testng.internal.Invoker.invokeMethod(Invoker.java:581) ~[testng-7.0.0-beta1.jar:?]
	at org.testng.internal.Invoker.invokeTestMethod(Invoker.java:792) ~[testng-7.0.0-beta1.jar:?]
	at org.testng.internal.Invoker.invokeTestMethods(Invoker.java:1103) ~[testng-7.0.0-beta1.jar:?]
	at org.testng.internal.TestMethodWorker.invokeTestMethods(TestMethodWorker.java:140) ~[testng-7.0.0-beta1.jar:?]
	at org.testng.internal.TestMethodWorker.run(TestMethodWorker.java:122) ~[testng-7.0.0-beta1.jar:?]
	at org.testng.TestRunner.privateRun(TestRunner.java:739) ~[testng-7.0.0-beta1.jar:?]
	at org.testng.TestRunner.run(TestRunner.java:589) ~[testng-7.0.0-beta1.jar:?]
	at org.testng.SuiteRunner.runTest(SuiteRunner.java:398) ~[testng-7.0.0-beta1.jar:?]
	at org.testng.SuiteRunner.runSequentially(SuiteRunner.java:392) ~[testng-7.0.0-beta1.jar:?]
	at org.testng.SuiteRunner.privateRun(SuiteRunner.java:354) ~[testng-7.0.0-beta1.jar:?]
	at org.testng.SuiteRunner.run(SuiteRunner.java:302) ~[testng-7.0.0-beta1.jar:?]
	at org.testng.SuiteRunnerWorker.runSuite(SuiteRunnerWorker.java:53) ~[testng-7.0.0-beta1.jar:?]
	at org.testng.SuiteRunnerWorker.run(SuiteRunnerWorker.java:96) ~[testng-7.0.0-beta1.jar:?]
	at org.testng.TestNG.runSuitesSequentially(TestNG.java:1145) ~[testng-7.0.0-beta1.jar:?]
	at org.testng.TestNG.runSuitesLocally(TestNG.java:1067) ~[testng-7.0.0-beta1.jar:?]
	at org.testng.TestNG.runSuites(TestNG.java:997) ~[testng-7.0.0-beta1.jar:?]
	at org.testng.TestNG.run(TestNG.java:965) ~[testng-7.0.0-beta1.jar:?]
	at org.apache.maven.surefire.testng.TestNGExecutor.run(TestNGExecutor.java:283) ~[surefire-testng-2.22.1.jar:2.22.1]
	at org.apache.maven.surefire.testng.TestNGXmlTestSuite.execute(TestNGXmlTestSuite.java:75) ~[surefire-testng-2.22.1.jar:2.22.1]
	at org.apache.maven.surefire.testng.TestNGProvider.invoke(TestNGProvider.java:120) ~[surefire-testng-2.22.1.jar:2.22.1]
	at org.apache.maven.surefire.booter.ForkedBooter.invokeProviderInSameClassLoader(ForkedBooter.java:384) ~[surefire-booter-2.22.1.jar:2.22.1]
	at org.apache.maven.surefire.booter.ForkedBooter.runSuitesInProcess(ForkedBooter.java:345) ~[surefire-booter-2.22.1.jar:2.22.1]
	at org.apache.maven.surefire.booter.ForkedBooter.execute(ForkedBooter.java:126) ~[surefire-booter-2.22.1.jar:2.22.1]
	at org.apache.maven.surefire.booter.ForkedBooter.main(ForkedBooter.java:418) ~[surefire-booter-2.22.1.jar:2.22.1]
2022-05-06 07:12:49,099 DEBUG internal.PlatformDependent0 [main] java.nio.Bits.unaligned: available, true
2022-05-06 07:12:49,100 DEBUG internal.PlatformDependent0 [main] jdk.internal.misc.Unsafe.allocateUninitializedArray(int): unavailable
java.lang.IllegalAccessException: class io.netty.util.internal.PlatformDependent0$6 cannot access class jdk.internal.misc.Unsafe (in module java.base) because module java.base does not export jdk.internal.misc to unnamed module @53c4a559
	at jdk.internal.reflect.Reflection.newIllegalAccessException(Reflection.java:392) ~[?:?]
	at java.lang.reflect.AccessibleObject.checkAccess(AccessibleObject.java:674) ~[?:?]
	at java.lang.reflect.Method.invoke(Method.java:560) ~[?:?]
	at io.netty.util.internal.PlatformDependent0$6.run(PlatformDependent0.java:375) ~[netty-common-4.1.75.Final.jar:4.1.75.Final]
	at java.security.AccessController.doPrivileged(AccessController.java:318) ~[?:?]
	at io.netty.util.internal.PlatformDependent0.<clinit>(PlatformDependent0.java:366) ~[netty-common-4.1.75.Final.jar:4.1.75.Final]
	at io.netty.util.internal.PlatformDependent.isAndroid(PlatformDependent.java:294) ~[netty-common-4.1.75.Final.jar:4.1.75.Final]
	at io.netty.util.internal.PlatformDependent.<clinit>(PlatformDependent.java:88) ~[netty-common-4.1.75.Final.jar:4.1.75.Final]
	at io.netty.util.HashedWheelTimer.<init>(HashedWheelTimer.java:114) ~[netty-common-4.1.75.Final.jar:4.1.75.Final]
	at io.netty.util.HashedWheelTimer.<init>(HashedWheelTimer.java:251) ~[netty-common-4.1.75.Final.jar:4.1.75.Final]
	at io.netty.util.HashedWheelTimer.<init>(HashedWheelTimer.java:224) ~[netty-common-4.1.75.Final.jar:4.1.75.Final]
	at io.netty.util.HashedWheelTimer.<init>(HashedWheelTimer.java:203) ~[netty-common-4.1.75.Final.jar:4.1.75.Final]
	at org.asynchttpclient.DefaultAsyncHttpClient.newNettyTimer(DefaultAsyncHttpClient.java:111) ~[async-http-client-2.12.3.jar:?]
	at org.asynchttpclient.DefaultAsyncHttpClient.<init>(DefaultAsyncHttpClient.java:90) ~[async-http-client-2.12.3.jar:?]
	at org.asynchttpclient.Dsl.asyncHttpClient(Dsl.java:32) ~[async-http-client-2.12.3.jar:?]
	at org.openqa.selenium.remote.http.netty.NettyClient.createHttpClient(NettyClient.java:119) ~[selenium-remote-driver-4.1.3.jar:?]
	at org.openqa.selenium.remote.http.netty.NettyClient.<clinit>(NettyClient.java:52) ~[selenium-remote-driver-4.1.3.jar:?]
	at org.openqa.selenium.remote.http.netty.NettyClient$Factory.createClient(NettyClient.java:160) ~[selenium-remote-driver-4.1.3.jar:?]
	at org.openqa.selenium.remote.HttpCommandExecutor.<init>(HttpCommandExecutor.java:107) ~[selenium-remote-driver-4.1.3.jar:?]
	at org.openqa.selenium.remote.HttpCommandExecutor.<init>(HttpCommandExecutor.java:94) ~[selenium-remote-driver-4.1.3.jar:?]
	at org.openqa.selenium.remote.HttpCommandExecutor.<init>(HttpCommandExecutor.java:85) ~[selenium-remote-driver-4.1.3.jar:?]
	at org.openqa.selenium.remote.service.DriverCommandExecutor.<init>(DriverCommandExecutor.java:80) ~[selenium-remote-driver-4.1.3.jar:?]
	at org.openqa.selenium.chromium.ChromiumDriverCommandExecutor.<init>(ChromiumDriverCommandExecutor.java:35) ~[selenium-chromium-driver-4.1.3.jar:?]
	at org.openqa.selenium.chrome.ChromeDriver$ChromeDriverCommandExecutor.<init>(ChromeDriver.java:118) ~[selenium-chrome-driver-4.1.3.jar:?]
	at org.openqa.selenium.chrome.ChromeDriver.<init>(ChromeDriver.java:106) ~[selenium-chrome-driver-4.1.3.jar:?]
	at org.openqa.selenium.chrome.ChromeDriver.<init>(ChromeDriver.java:93) ~[selenium-chrome-driver-4.1.3.jar:?]
	at org.openqa.selenium.chrome.ChromeDriver.<init>(ChromeDriver.java:48) ~[selenium-chrome-driver-4.1.3.jar:?]
	at framework.Hardcore.driver.DriverSingleton.getDriver(DriverSingleton.java:24) ~[test-classes/:?]
	at framework.Hardcore.test.CommonConditions.setUp(CommonConditions.java:16) ~[test-classes/:?]
	at jdk.internal.reflect.NativeMethodAccessorImpl.invoke0(Native Method) ~[?:?]
	at jdk.internal.reflect.NativeMethodAccessorImpl.invoke(NativeMethodAccessorImpl.java:77) ~[?:?]
	at jdk.internal.reflect.DelegatingMethodAccessorImpl.invoke(DelegatingMethodAccessorImpl.java:43) ~[?:?]
	at java.lang.reflect.Method.invoke(Method.java:568) ~[?:?]
	at org.testng.internal.MethodInvocationHelper.invokeMethod(MethodInvocationHelper.java:131) ~[testng-7.0.0-beta1.jar:?]
	at org.testng.internal.MethodInvocationHelper.invokeMethodConsideringTimeout(MethodInvocationHelper.java:61) ~[testng-7.0.0-beta1.jar:?]
	at org.testng.internal.Invoker.invokeConfigurationMethod(Invoker.java:511) ~[testng-7.0.0-beta1.jar:?]
	at org.testng.internal.Invoker.invokeConfigurations(Invoker.java:241) ~[testng-7.0.0-beta1.jar:?]
	at org.testng.internal.Invoker.invokeMethod(Invoker.java:581) ~[testng-7.0.0-beta1.jar:?]
	at org.testng.internal.Invoker.invokeTestMethod(Invoker.java:792) ~[testng-7.0.0-beta1.jar:?]
	at org.testng.internal.Invoker.invokeTestMethods(Invoker.java:1103) ~[testng-7.0.0-beta1.jar:?]
	at org.testng.internal.TestMethodWorker.invokeTestMethods(TestMethodWorker.java:140) ~[testng-7.0.0-beta1.jar:?]
	at org.testng.internal.TestMethodWorker.run(TestMethodWorker.java:122) ~[testng-7.0.0-beta1.jar:?]
	at org.testng.TestRunner.privateRun(TestRunner.java:739) ~[testng-7.0.0-beta1.jar:?]
	at org.testng.TestRunner.run(TestRunner.java:589) ~[testng-7.0.0-beta1.jar:?]
	at org.testng.SuiteRunner.runTest(SuiteRunner.java:398) ~[testng-7.0.0-beta1.jar:?]
	at org.testng.SuiteRunner.runSequentially(SuiteRunner.java:392) ~[testng-7.0.0-beta1.jar:?]
	at org.testng.SuiteRunner.privateRun(SuiteRunner.java:354) ~[testng-7.0.0-beta1.jar:?]
	at org.testng.SuiteRunner.run(SuiteRunner.java:302) ~[testng-7.0.0-beta1.jar:?]
	at org.testng.SuiteRunnerWorker.runSuite(SuiteRunnerWorker.java:53) ~[testng-7.0.0-beta1.jar:?]
	at org.testng.SuiteRunnerWorker.run(SuiteRunnerWorker.java:96) ~[testng-7.0.0-beta1.jar:?]
	at org.testng.TestNG.runSuitesSequentially(TestNG.java:1145) ~[testng-7.0.0-beta1.jar:?]
	at org.testng.TestNG.runSuitesLocally(TestNG.java:1067) ~[testng-7.0.0-beta1.jar:?]
	at org.testng.TestNG.runSuites(TestNG.java:997) ~[testng-7.0.0-beta1.jar:?]
	at org.testng.TestNG.run(TestNG.java:965) ~[testng-7.0.0-beta1.jar:?]
	at org.apache.maven.surefire.testng.TestNGExecutor.run(TestNGExecutor.java:283) ~[surefire-testng-2.22.1.jar:2.22.1]
	at org.apache.maven.surefire.testng.TestNGXmlTestSuite.execute(TestNGXmlTestSuite.java:75) ~[surefire-testng-2.22.1.jar:2.22.1]
	at org.apache.maven.surefire.testng.TestNGProvider.invoke(TestNGProvider.java:120) ~[surefire-testng-2.22.1.jar:2.22.1]
	at org.apache.maven.surefire.booter.ForkedBooter.invokeProviderInSameClassLoader(ForkedBooter.java:384) ~[surefire-booter-2.22.1.jar:2.22.1]
	at org.apache.maven.surefire.booter.ForkedBooter.runSuitesInProcess(ForkedBooter.java:345) ~[surefire-booter-2.22.1.jar:2.22.1]
	at org.apache.maven.surefire.booter.ForkedBooter.execute(ForkedBooter.java:126) ~[surefire-booter-2.22.1.jar:2.22.1]
	at org.apache.maven.surefire.booter.ForkedBooter.main(ForkedBooter.java:418) ~[surefire-booter-2.22.1.jar:2.22.1]
2022-05-06 07:12:49,102 DEBUG internal.PlatformDependent0 [main] java.nio.DirectByteBuffer.<init>(long, int): unavailable
2022-05-06 07:12:49,102 DEBUG internal.PlatformDependent [main] sun.misc.Unsafe: available
2022-05-06 07:12:49,103 DEBUG internal.PlatformDependent [main] maxDirectMemory: 1992294400 bytes (maybe)
2022-05-06 07:12:49,103 DEBUG internal.PlatformDependent [main] -Dio.netty.tmpdir: /tmp (java.io.tmpdir)
2022-05-06 07:12:49,103 DEBUG internal.PlatformDependent [main] -Dio.netty.bitMode: 64 (sun.arch.data.model)
2022-05-06 07:12:49,104 DEBUG internal.PlatformDependent [main] -Dio.netty.maxDirectMemory: -1 bytes
2022-05-06 07:12:49,104 DEBUG internal.PlatformDependent [main] -Dio.netty.uninitializedArrayAllocationThreshold: -1
2022-05-06 07:12:49,105 DEBUG internal.CleanerJava9 [main] java.nio.ByteBuffer.cleaner(): available
2022-05-06 07:12:49,105 DEBUG internal.PlatformDependent [main] -Dio.netty.noPreferDirect: false
2022-05-06 07:12:49,109 DEBUG internal.PlatformDependent [main] org.jctools-core.MpscChunkedArrayQueue: available
2022-05-06 07:12:49,119 DEBUG internal.InternalThreadLocalMap [main] -Dio.netty.threadLocalMap.stringBuilder.initialSize: 1024
2022-05-06 07:12:49,119 DEBUG internal.InternalThreadLocalMap [main] -Dio.netty.threadLocalMap.stringBuilder.maxSize: 4096
2022-05-06 07:12:49,137 DEBUG ssl.JdkSslContext [main] Default protocols (JDK): [TLSv1.3, TLSv1.2] 
2022-05-06 07:12:49,137 DEBUG ssl.JdkSslContext [main] Default cipher suites (JDK): [TLS_ECDHE_ECDSA_WITH_AES_256_GCM_SHA384, TLS_ECDHE_ECDSA_WITH_AES_128_GCM_SHA256, TLS_ECDHE_RSA_WITH_AES_128_GCM_SHA256, TLS_ECDHE_RSA_WITH_AES_256_GCM_SHA384, TLS_ECDHE_RSA_WITH_AES_128_CBC_SHA, TLS_ECDHE_RSA_WITH_AES_256_CBC_SHA, TLS_RSA_WITH_AES_128_GCM_SHA256, TLS_RSA_WITH_AES_128_CBC_SHA, TLS_RSA_WITH_AES_256_CBC_SHA, TLS_AES_128_GCM_SHA256, TLS_AES_256_GCM_SHA384]
2022-05-06 07:12:49,150 DEBUG channel.MultithreadEventLoopGroup [main] -Dio.netty.eventLoopThreads: 16
2022-05-06 07:12:49,155 DEBUG nio.NioEventLoop [main] -Dio.netty.noKeySetOptimization: false
2022-05-06 07:12:49,155 DEBUG nio.NioEventLoop [main] -Dio.netty.selectorAutoRebuildThreshold: 512
2022-05-06 07:12:49,157 TRACE nio.NioEventLoop [main] instrumented a special java.util.Set into: sun.nio.ch.EPollSelectorImpl@3e83c18
2022-05-06 07:12:49,157 TRACE nio.NioEventLoop [main] instrumented a special java.util.Set into: sun.nio.ch.EPollSelectorImpl@3af356f
2022-05-06 07:12:49,158 TRACE nio.NioEventLoop [main] instrumented a special java.util.Set into: sun.nio.ch.EPollSelectorImpl@4443ef6f
2022-05-06 07:12:49,158 TRACE nio.NioEventLoop [main] instrumented a special java.util.Set into: sun.nio.ch.EPollSelectorImpl@7e46d648
2022-05-06 07:12:49,158 TRACE nio.NioEventLoop [main] instrumented a special java.util.Set into: sun.nio.ch.EPollSelectorImpl@51751e5f
2022-05-06 07:12:49,158 TRACE nio.NioEventLoop [main] instrumented a special java.util.Set into: sun.nio.ch.EPollSelectorImpl@2b0b4d53
2022-05-06 07:12:49,158 TRACE nio.NioEventLoop [main] instrumented a special java.util.Set into: sun.nio.ch.EPollSelectorImpl@7068f7ca
2022-05-06 07:12:49,159 TRACE nio.NioEventLoop [main] instrumented a special java.util.Set into: sun.nio.ch.EPollSelectorImpl@38548b19
2022-05-06 07:12:49,159 TRACE nio.NioEventLoop [main] instrumented a special java.util.Set into: sun.nio.ch.EPollSelectorImpl@41aaedaa
2022-05-06 07:12:49,159 TRACE nio.NioEventLoop [main] instrumented a special java.util.Set into: sun.nio.ch.EPollSelectorImpl@303a5119
2022-05-06 07:12:49,182 TRACE nio.NioEventLoop [main] instrumented a special java.util.Set into: sun.nio.ch.EPollSelectorImpl@75b3673
2022-05-06 07:12:49,183 TRACE nio.NioEventLoop [main] instrumented a special java.util.Set into: sun.nio.ch.EPollSelectorImpl@1bcb79c2
2022-05-06 07:12:49,183 TRACE nio.NioEventLoop [main] instrumented a special java.util.Set into: sun.nio.ch.EPollSelectorImpl@d1a10ac
2022-05-06 07:12:49,183 TRACE nio.NioEventLoop [main] instrumented a special java.util.Set into: sun.nio.ch.EPollSelectorImpl@6fca2a8f
2022-05-06 07:12:49,184 TRACE nio.NioEventLoop [main] instrumented a special java.util.Set into: sun.nio.ch.EPollSelectorImpl@31fc71ab
2022-05-06 07:12:49,184 TRACE nio.NioEventLoop [main] instrumented a special java.util.Set into: sun.nio.ch.EPollSelectorImpl@71391b3f
2022-05-06 07:12:49,205 DEBUG buffer.PooledByteBufAllocator [main] -Dio.netty.allocator.numHeapArenas: 16
2022-05-06 07:12:49,205 DEBUG buffer.PooledByteBufAllocator [main] -Dio.netty.allocator.numDirectArenas: 16
2022-05-06 07:12:49,205 DEBUG buffer.PooledByteBufAllocator [main] -Dio.netty.allocator.pageSize: 8192
2022-05-06 07:12:49,205 DEBUG buffer.PooledByteBufAllocator [main] -Dio.netty.allocator.maxOrder: 9
2022-05-06 07:12:49,206 DEBUG buffer.PooledByteBufAllocator [main] -Dio.netty.allocator.chunkSize: 4194304
2022-05-06 07:12:49,206 DEBUG buffer.PooledByteBufAllocator [main] -Dio.netty.allocator.smallCacheSize: 256
2022-05-06 07:12:49,206 DEBUG buffer.PooledByteBufAllocator [main] -Dio.netty.allocator.normalCacheSize: 64
2022-05-06 07:12:49,206 DEBUG buffer.PooledByteBufAllocator [main] -Dio.netty.allocator.maxCachedBufferCapacity: 32768
2022-05-06 07:12:49,206 DEBUG buffer.PooledByteBufAllocator [main] -Dio.netty.allocator.cacheTrimInterval: 8192
2022-05-06 07:12:49,206 DEBUG buffer.PooledByteBufAllocator [main] -Dio.netty.allocator.cacheTrimIntervalMillis: 0
2022-05-06 07:12:49,207 DEBUG buffer.PooledByteBufAllocator [main] -Dio.netty.allocator.useCacheForAllThreads: false
2022-05-06 07:12:49,207 DEBUG buffer.PooledByteBufAllocator [main] -Dio.netty.allocator.maxCachedByteBuffersPerChunk: 1023
2022-05-06 07:12:49,213 DEBUG buffer.ByteBufUtil [main] -Dio.netty.allocator.type: pooled
2022-05-06 07:12:49,213 DEBUG buffer.ByteBufUtil [main] -Dio.netty.threadLocalDirectBufferSize: 0
2022-05-06 07:12:49,213 DEBUG buffer.ByteBufUtil [main] -Dio.netty.maxThreadLocalCharBufferSize: 16384
2022-05-06 07:12:49,345 DEBUG channel.DefaultChannelId [Forwarding newSession on session null to remote] -Dio.netty.processId: 24719 (auto-detected)
2022-05-06 07:12:49,346 DEBUG util.NetUtil [Forwarding newSession on session null to remote] -Djava.net.preferIPv4Stack: false
2022-05-06 07:12:49,347 DEBUG util.NetUtil [Forwarding newSession on session null to remote] -Djava.net.preferIPv6Addresses: false
2022-05-06 07:12:49,347 DEBUG util.NetUtilInitializations [Forwarding newSession on session null to remote] Loopback interface: lo (lo, 0:0:0:0:0:0:0:1%lo)
2022-05-06 07:12:49,348 DEBUG util.NetUtil [Forwarding newSession on session null to remote] /proc/sys/net/core/somaxconn: 4096
2022-05-06 07:12:49,349 DEBUG channel.DefaultChannelId [Forwarding newSession on session null to remote] -Dio.netty.machineId: 8c:8d:28:ff:fe:d9:fe:ef (auto-detected)
2022-05-06 07:12:49,373 DEBUG buffer.AbstractByteBuf [AsyncHttpClient-1-2] -Dio.netty.buffer.checkAccessible: true
2022-05-06 07:12:49,373 DEBUG buffer.AbstractByteBuf [AsyncHttpClient-1-2] -Dio.netty.buffer.checkBounds: true
2022-05-06 07:12:49,374 DEBUG util.ResourceLeakDetectorFactory [AsyncHttpClient-1-2] Loaded default ResourceLeakDetector: io.netty.util.ResourceLeakDetector@443549fc
2022-05-06 07:12:49,385 DEBUG util.Recycler [AsyncHttpClient-1-2] -Dio.netty.recycler.maxCapacityPerThread: 4096
2022-05-06 07:12:49,385 DEBUG util.Recycler [AsyncHttpClient-1-2] -Dio.netty.recycler.ratio: 8
2022-05-06 07:12:49,385 DEBUG util.Recycler [AsyncHttpClient-1-2] -Dio.netty.recycler.chunkSize: 32
2022-05-06 07:12:49,385 DEBUG util.Recycler [AsyncHttpClient-1-2] -Dio.netty.recycler.blocking: false
2022-05-06 07:12:49,616 DEBUG compression.Brotli [AsyncHttpClient-1-2] brotli4j not in the classpath; Brotli support will be unavailable.
2022-05-06 07:12:49,695 DEBUG internal.ThreadLocalRandom [main] -Dio.netty.initialSeedUniquifier: 0xf560471a4a16d1a6
2022-05-06 07:13:25,558 INFO  [main] Estimated Virtual Machine with properties 
2022-05-06 07:13:25,645 INFO  [main] Total Estimated Cost in Calculator: 1,082.77
2022-05-06 07:13:40,512 INFO  [main] Total Estimated Cost in Email: 1,082.77
2022-05-06 07:13:40,516 TRACE websocketx.WebSocket08FrameEncoder [AsyncHttpClient-1-4] Encoding WebSocket Frame opCode=8 length=26
