<?xml version="1.0" encoding="UTF-8"?>
<!-- Generated by org.testng.reporters.JUnitXMLReporter -->
<testsuite ignored="0" hostname="My-HP" failures="1" tests="1" name="Hardcore" time="52.293" errors="0" timestamp="2022-05-09T11:12:05 UZT">
  <testcase classname="framework.Hardcore.test.GoogleCloudPlatformPricingCalculateTest" name="pricingCalculate" time="48.078">
    <failure type="org.openqa.selenium.TimeoutException" message="Expected condition failed: waiting for visibility of [[[[FirefoxDriver: firefox on WINDOWS (afe8d709-eb37-47fa-9942-cc578a5ba2b8)] -&amp;gt; xpath: //*[@placeholder=&amp;apos;Series&amp;apos;]]] -&amp;gt; xpath: .//md-option[contains(., &amp;apos;N1&amp;apos;)]] (tried for 1 second(s) with 500 milliseconds interval)
Build info: version: &amp;apos;4.1.4&amp;apos;, revision: &amp;apos;535d840ee2&amp;apos;
System info: host: &amp;apos;MY-HP&amp;apos;, ip: &amp;apos;192.168.1.105&amp;apos;, os.name: &amp;apos;Windows 11&amp;apos;, os.arch: &amp;apos;amd64&amp;apos;, os.version: &amp;apos;10.0&amp;apos;, java.version: &amp;apos;11.0.15&amp;apos;
Driver info: org.openqa.selenium.firefox.FirefoxDriver
Capabilities {acceptInsecureCerts: true, browserName: firefox, browserVersion: 99.0.1, javascriptEnabled: true, moz:accessibilityChecks: false, moz:buildID: 20220411174855, moz:debuggerAddress: localhost:52478, moz:geckodriverVersion: 0.31.0, moz:headless: false, moz:processID: 6200, moz:profile: C:\WINDOWS\SystemTemp\rust_..., moz:shutdownTimeout: 60000, moz:useNonSpecCompliantPointerOrigin: false, moz:webdriverClick: true, pageLoadStrategy: normal, platform: WINDOWS, platformName: WINDOWS, platformVersion: 10.0, proxy: Proxy(), se:cdp: ws://localhost:52478/devtoo..., se:cdpVersion: 85.0, setWindowRect: true, strictFileInteractability: false, timeouts: {implicit: 0, pageLoad: 300000, script: 30000}, unhandledPromptBehavior: dismiss and notify}
Session ID: afe8d709-eb37-47fa-9942-cc578a5ba2b8">
      <![CDATA[org.openqa.selenium.TimeoutException: Expected condition failed: waiting for visibility of [[[[FirefoxDriver: firefox on WINDOWS (afe8d709-eb37-47fa-9942-cc578a5ba2b8)] -> xpath: //*[@placeholder='Series']]] -> xpath: .//md-option[contains(., 'N1')]] (tried for 1 second(s) with 500 milliseconds interval)
Build info: version: '4.1.4', revision: '535d840ee2'
System info: host: 'MY-HP', ip: '192.168.1.105', os.name: 'Windows 11', os.arch: 'amd64', os.version: '10.0', java.version: '11.0.15'
Driver info: org.openqa.selenium.firefox.FirefoxDriver
Capabilities {acceptInsecureCerts: true, browserName: firefox, browserVersion: 99.0.1, javascriptEnabled: true, moz:accessibilityChecks: false, moz:buildID: 20220411174855, moz:debuggerAddress: localhost:52478, moz:geckodriverVersion: 0.31.0, moz:headless: false, moz:processID: 6200, moz:profile: C:\WINDOWS\SystemTemp\rust_..., moz:shutdownTimeout: 60000, moz:useNonSpecCompliantPointerOrigin: false, moz:webdriverClick: true, pageLoadStrategy: normal, platform: WINDOWS, platformName: WINDOWS, platformVersion: 10.0, proxy: Proxy(), se:cdp: ws://localhost:52478/devtoo..., se:cdpVersion: 85.0, setWindowRect: true, strictFileInteractability: false, timeouts: {implicit: 0, pageLoad: 300000, script: 30000}, unhandledPromptBehavior: dismiss and notify}
Session ID: afe8d709-eb37-47fa-9942-cc578a5ba2b8
at org.openqa.selenium.support.ui.WebDriverWait.timeoutException(WebDriverWait.java:87)
at org.openqa.selenium.support.ui.FluentWait.until(FluentWait.java:231)
at framework.Hardcore.page.PricingCalculatorPage.selectOption(PricingCalculatorPage.java:87)
at framework.Hardcore.page.PricingCalculatorPage.setSeries(PricingCalculatorPage.java:108)
at framework.Hardcore.page.PricingCalculatorPage.fillVirtualMachineData(PricingCalculatorPage.java:67)
at framework.Hardcore.test.GoogleCloudPlatformPricingCalculateTest.getCalculatorResult(GoogleCloudPlatformPricingCalculateTest.java:38)
at framework.Hardcore.test.GoogleCloudPlatformPricingCalculateTest.pricingCalculate(GoogleCloudPlatformPricingCalculateTest.java:23)
at java.base/java.util.ArrayList.forEach(ArrayList.java:1541)
... Removed 31 stack frames]]>
    </failure>
  </testcase> <!-- pricingCalculate -->
</testsuite> <!-- Hardcore -->
